[debug] [2021-11-13T16:20:36.495Z] ----------------------------------------------------------------------
[debug] [2021-11-13T16:20:36.496Z] Command:       /usr/local/bin/node /usr/local/bin/firebase deploy
[debug] [2021-11-13T16:20:36.496Z] CLI Version:   9.22.0
[debug] [2021-11-13T16:20:36.496Z] Platform:      darwin
[debug] [2021-11-13T16:20:36.496Z] Node Version:  v16.10.0
[debug] [2021-11-13T16:20:36.498Z] Time:          Sun Nov 14 2021 01:20:36 GMT+0900 (대한민국 표준시)
[debug] [2021-11-13T16:20:36.498Z] ----------------------------------------------------------------------
[debug] 
[debug] [2021-11-13T16:20:36.499Z] >>> [apiv2][query] GET https://firebase-public.firebaseio.com/cli.json [none]
[debug] [2021-11-13T16:20:36.528Z] > command requires scopes: ["email","openid","https://www.googleapis.com/auth/cloudplatformprojects.readonly","https://www.googleapis.com/auth/firebase","https://www.googleapis.com/auth/cloud-platform"]
[debug] [2021-11-13T16:20:36.529Z] > authorizing via signed-in user (alrbsshim14@gmail.com)
[debug] [2021-11-13T16:20:36.529Z] [iam] checking project calender-7f5ab for permissions ["firebase.projects.get","firebasehosting.sites.update"]
[debug] [2021-11-13T16:20:36.529Z] > refreshing access token with scopes: ["email","https://www.googleapis.com/auth/cloud-platform","https://www.googleapis.com/auth/cloudplatformprojects.readonly","https://www.googleapis.com/auth/firebase","openid"]
[debug] [2021-11-13T16:20:36.529Z] >>> HTTP REQUEST POST https://www.googleapis.com/oauth2/v3/token  
 <request body omitted>
[debug] [2021-11-13T16:20:36.823Z] <<< HTTP RESPONSE 200 {"expires":"Mon, 01 Jan 1990 00:00:00 GMT","date":"Sat, 13 Nov 2021 16:20:36 GMT","cache-control":"no-cache, no-store, max-age=0, must-revalidate","pragma":"no-cache","content-type":"application/json; charset=utf-8","vary":"X-Origin, Referer, Origin,Accept-Encoding","server":"scaffolding on HTTPServer2","x-xss-protection":"0","x-frame-options":"SAMEORIGIN","x-content-type-options":"nosniff","alt-svc":"clear","accept-ranges":"none","transfer-encoding":"chunked"}
[debug] [2021-11-13T16:20:36.872Z] >>> HTTP REQUEST POST https://cloudresourcemanager.googleapis.com/v1/projects/calender-7f5ab:testIamPermissions  
 {"permissions":["firebase.projects.get","firebasehosting.sites.update"]}
[debug] [2021-11-13T16:20:37.226Z] <<< [apiv2][status] GET https://firebase-public.firebaseio.com/cli.json 200
[debug] [2021-11-13T16:20:37.226Z] <<< [apiv2][body] GET https://firebase-public.firebaseio.com/cli.json {"cloudBuildErrorAfter":1594252800000,"cloudBuildWarnAfter":1590019200000,"defaultNode10After":1594252800000,"minVersion":"3.0.5","node8DeploysDisabledAfter":1613390400000,"node8RuntimeDisabledAfter":1615809600000,"node8WarnAfter":1600128000000}
[debug] [2021-11-13T16:20:38.162Z] <<< HTTP RESPONSE 200 {"content-type":"application/json; charset=UTF-8","vary":"X-Origin, Referer, Origin,Accept-Encoding","date":"Sat, 13 Nov 2021 16:20:38 GMT","server":"ESF","cache-control":"private","x-xss-protection":"0","x-frame-options":"SAMEORIGIN","x-content-type-options":"nosniff","server-timing":"gfet4t7; dur=942","alt-svc":"clear","accept-ranges":"none","transfer-encoding":"chunked"}
[debug] [2021-11-13T16:20:38.164Z] [iam] error while checking permissions, command may fail: FirebaseError: Authorization failed. This account is missing the following required permissions on project calender-7f5ab:

  firebase.projects.get
  firebasehosting.sites.update
[debug] [2021-11-13T16:20:38.165Z] > refreshing access token with scopes: []
[debug] [2021-11-13T16:20:38.165Z] >>> HTTP REQUEST POST https://www.googleapis.com/oauth2/v3/token  
 <request body omitted>
[debug] [2021-11-13T16:20:38.404Z] <<< HTTP RESPONSE 200 {"date":"Sat, 13 Nov 2021 16:20:38 GMT","pragma":"no-cache","cache-control":"no-cache, no-store, max-age=0, must-revalidate","expires":"Mon, 01 Jan 1990 00:00:00 GMT","content-type":"application/json; charset=utf-8","vary":"X-Origin, Referer, Origin,Accept-Encoding","server":"scaffolding on HTTPServer2","x-xss-protection":"0","x-frame-options":"SAMEORIGIN","x-content-type-options":"nosniff","alt-svc":"clear","accept-ranges":"none","transfer-encoding":"chunked"}
[debug] [2021-11-13T16:20:38.449Z] >>> [apiv2][query] GET https://firebase.googleapis.com/v1beta1/projects/calender-7f5ab [none]
[debug] [2021-11-13T16:20:39.466Z] <<< [apiv2][status] GET https://firebase.googleapis.com/v1beta1/projects/calender-7f5ab 403
[debug] [2021-11-13T16:20:39.466Z] <<< [apiv2][body] GET https://firebase.googleapis.com/v1beta1/projects/calender-7f5ab {"error":{"code":403,"message":"The caller does not have permission","status":"PERMISSION_DENIED"}}
[debug] [2021-11-13T16:20:39.466Z] HTTP Error: 403, The caller does not have permission
[debug] [2021-11-13T16:20:39.747Z] FirebaseError: HTTP Error: 403, The caller does not have permission
    at module.exports (/usr/local/lib/node_modules/firebase-tools/lib/responseToError.js:38:12)
    at Client.doRequest (/usr/local/lib/node_modules/firebase-tools/lib/apiv2.js:241:23)
    at processTicksAndRejections (node:internal/process/task_queues:96:5)
    at async Client.request (/usr/local/lib/node_modules/firebase-tools/lib/apiv2.js:96:20)
    at async Object.getFirebaseProject (/usr/local/lib/node_modules/firebase-tools/lib/management/projects.js:290:21)
    at async Object.getDefaultHostingSite (/usr/local/lib/node_modules/firebase-tools/lib/getDefaultHostingSite.js:8:21)
    at async requireHostingSite (/usr/local/lib/node_modules/firebase-tools/lib/requireHostingSite.js:9:18)
    at async Object.fn (/usr/local/lib/node_modules/firebase-tools/lib/commands/deploy.js:73:9)
    at async /usr/local/lib/node_modules/firebase-tools/lib/command.js:188:17
[error] 
[error] Error: Failed to get Firebase project calender-7f5ab. Please make sure the project exists and your account has permission to access it.
